  Specialite.cpp
c:\users\despe\onedrive\documents\visual studio 2015\projects\changes_your_mindset_2\changes_your_mindset_2\medecin.h(14): error C2061: erreur de syntaxe : identificateur 'Specialite'
c:\users\despe\onedrive\documents\visual studio 2015\projects\changes_your_mindset_2\changes_your_mindset_2\medecin.h(25): error C3646: 'obtenirSpecialite' : spécificateur de substitution inconnu
c:\users\despe\onedrive\documents\visual studio 2015\projects\changes_your_mindset_2\changes_your_mindset_2\medecin.h(25): error C2059: erreur de syntaxe : '('
c:\users\despe\onedrive\documents\visual studio 2015\projects\changes_your_mindset_2\changes_your_mindset_2\medecin.h(25): error C2238: jetons inattendus avant ';'
c:\users\despe\onedrive\documents\visual studio 2015\projects\changes_your_mindset_2\changes_your_mindset_2\medecin.h(30): error C2061: erreur de syntaxe : identificateur 'Specialite'
c:\users\despe\onedrive\documents\visual studio 2015\projects\changes_your_mindset_2\changes_your_mindset_2\medecin.h(47): error C2143: erreur de syntaxe : absence de ';' avant '*'
c:\users\despe\onedrive\documents\visual studio 2015\projects\changes_your_mindset_2\changes_your_mindset_2\medecin.h(47): error C4430: spécificateur de type manquant - int est pris en compte par défaut. Remarque : C++ ne prend pas en charge int par défaut
c:\users\despe\onedrive\documents\visual studio 2015\projects\changes_your_mindset_2\changes_your_mindset_2\medecin.h(47): error C2238: jetons inattendus avant ';'
  Personnel.cpp
c:\users\despe\onedrive\documents\visual studio 2015\projects\changes_your_mindset_2\changes_your_mindset_2\personnel.cpp(33): warning C4018: '<' : incompatibilité signed/unsigned
c:\users\despe\onedrive\documents\visual studio 2015\projects\changes_your_mindset_2\changes_your_mindset_2\personnel.cpp(60): warning C4018: '<' : incompatibilité signed/unsigned
c:\users\despe\onedrive\documents\visual studio 2015\projects\changes_your_mindset_2\changes_your_mindset_2\personnel.cpp(66): warning C4018: '<' : incompatibilité signed/unsigned
c:\users\despe\onedrive\documents\visual studio 2015\projects\changes_your_mindset_2\changes_your_mindset_2\personnel.cpp(95): warning C4018: '<' : incompatibilité signed/unsigned
c:\users\despe\onedrive\documents\visual studio 2015\projects\changes_your_mindset_2\changes_your_mindset_2\personnel.cpp(127): warning C4018: '<' : incompatibilité signed/unsigned
c:\users\despe\onedrive\documents\visual studio 2015\projects\changes_your_mindset_2\changes_your_mindset_2\personnel.cpp(134): warning C4018: '<' : incompatibilité signed/unsigned
  Medecin.cpp
  Main.cpp
c:\users\despe\onedrive\documents\visual studio 2015\projects\changes_your_mindset_2\changes_your_mindset_2\medecin.h(14): error C2061: erreur de syntaxe : identificateur 'Specialite'
c:\users\despe\onedrive\documents\visual studio 2015\projects\changes_your_mindset_2\changes_your_mindset_2\medecin.h(25): error C3646: 'obtenirSpecialite' : spécificateur de substitution inconnu
c:\users\despe\onedrive\documents\visual studio 2015\projects\changes_your_mindset_2\changes_your_mindset_2\medecin.h(25): error C2059: erreur de syntaxe : '('
c:\users\despe\onedrive\documents\visual studio 2015\projects\changes_your_mindset_2\changes_your_mindset_2\medecin.h(25): error C2238: jetons inattendus avant ';'
c:\users\despe\onedrive\documents\visual studio 2015\projects\changes_your_mindset_2\changes_your_mindset_2\medecin.h(30): error C2061: erreur de syntaxe : identificateur 'Specialite'
c:\users\despe\onedrive\documents\visual studio 2015\projects\changes_your_mindset_2\changes_your_mindset_2\medecin.h(47): error C2143: erreur de syntaxe : absence de ';' avant '*'
c:\users\despe\onedrive\documents\visual studio 2015\projects\changes_your_mindset_2\changes_your_mindset_2\medecin.h(47): error C4430: spécificateur de type manquant - int est pris en compte par défaut. Remarque : C++ ne prend pas en charge int par défaut
c:\users\despe\onedrive\documents\visual studio 2015\projects\changes_your_mindset_2\changes_your_mindset_2\medecin.h(47): error C2238: jetons inattendus avant ';'
c:\users\despe\onedrive\documents\visual studio 2015\projects\changes_your_mindset_2\changes_your_mindset_2\main.cpp(140): error C2661: 'Medecin::Medecin' : aucune fonction surchargée ne nécessite 3 arguments
c:\users\despe\onedrive\documents\visual studio 2015\projects\changes_your_mindset_2\changes_your_mindset_2\main.cpp(141): error C2661: 'Medecin::Medecin' : aucune fonction surchargée ne nécessite 3 arguments
c:\users\despe\onedrive\documents\visual studio 2015\projects\changes_your_mindset_2\changes_your_mindset_2\main.cpp(142): error C2661: 'Medecin::Medecin' : aucune fonction surchargée ne nécessite 3 arguments
c:\users\despe\onedrive\documents\visual studio 2015\projects\changes_your_mindset_2\changes_your_mindset_2\main.cpp(143): error C2661: 'Medecin::Medecin' : aucune fonction surchargée ne nécessite 3 arguments
c:\users\despe\onedrive\documents\visual studio 2015\projects\changes_your_mindset_2\changes_your_mindset_2\main.cpp(144): error C2661: 'Medecin::Medecin' : aucune fonction surchargée ne nécessite 3 arguments
c:\users\despe\onedrive\documents\visual studio 2015\projects\changes_your_mindset_2\changes_your_mindset_2\main.cpp(169): error C2661: 'Medecin::Medecin' : aucune fonction surchargée ne nécessite 3 arguments
c:\users\despe\onedrive\documents\visual studio 2015\projects\changes_your_mindset_2\changes_your_mindset_2\main.cpp(170): error C2661: 'Medecin::Medecin' : aucune fonction surchargée ne nécessite 3 arguments
c:\users\despe\onedrive\documents\visual studio 2015\projects\changes_your_mindset_2\changes_your_mindset_2\main.cpp(177): error C2086: 'Medecin *Sherlock' : redéfinition
  c:\users\despe\onedrive\documents\visual studio 2015\projects\changes_your_mindset_2\changes_your_mindset_2\main.cpp(134): note: voir la déclaration de 'Sherlock'
c:\users\despe\onedrive\documents\visual studio 2015\projects\changes_your_mindset_2\changes_your_mindset_2\main.cpp(178): error C2661: 'Medecin::Medecin' : aucune fonction surchargée ne nécessite 3 arguments
  Génération de code en cours...
c:\users\despe\onedrive\documents\visual studio 2015\projects\changes_your_mindset_2\changes_your_mindset_2\medecin.cpp(112): warning C4715: 'Medecin::operator==' : les chemins de contrôle ne retournent pas tous une valeur
c:\users\despe\onedrive\documents\visual studio 2015\projects\changes_your_mindset_2\changes_your_mindset_2\personnel.cpp(151): warning C4715: 'Personnel::retirerInfirmier' : les chemins de contrôle ne retournent pas tous une valeur
c:\users\despe\onedrive\documents\visual studio 2015\projects\changes_your_mindset_2\changes_your_mindset_2\personnel.cpp(89): warning C4715: 'Personnel::retirerMedecin' : les chemins de contrôle ne retournent pas tous une valeur
